<?xml version="1.0" encoding="UTF-8"?>
<!-- Generated by org.testng.reporters.JUnitReportReporter -->
<testsuite hostname="DELL-PC" failures="0" tests="1" name="com.testng.ExpectedException" time="0.012" errors="0" timestamp="2022-06-20T04:48:13 GMT-07:00" skipped="0">
  <testcase classname="com.testng.ExpectedException" name="arithmatic_Operation" time="0.012"/>
  <system-out/>
</testsuite> <!-- com.testng.ExpectedException -->
