<?xml version="1.0" encoding="UTF-8"?>
<!-- Generated by org.testng.reporters.JUnitReportReporter -->
<testsuite hostname="DELL-PC" failures="0" tests="2" name="com.testng.parallel_Test" time="10.482" errors="0" timestamp="2022-06-25T04:38:39 GMT-07:00" skipped="0">
  <testcase classname="com.testng.parallel_Test" name="faceBook" time="6.112"/>
  <system-out/>
  <testcase classname="com.testng.parallel_Test" name="amazon_Web" time="4.370"/>
  <system-out/>
</testsuite> <!-- com.testng.parallel_Test -->
