<?xml version="1.0" encoding="UTF-8"?>
<!-- Generated by org.testng.reporters.JUnitReportReporter -->
<testsuite hostname="DELL-PC" failures="0" tests="1" name="com.testng.DependsOnMethod" time="0.013" errors="0" timestamp="2022-06-20T04:43:17 GMT-07:00" skipped="0">
  <testcase classname="com.testng.DependsOnMethod" name="laptopNoOff" time="0.013"/>
  <system-out/>
</testsuite> <!-- com.testng.DependsOnMethod -->
