<?xml version="1.0" encoding="UTF-8"?>
<!-- Generated by org.testng.reporters.JUnitReportReporter -->
<testsuite hostname="DELL-PC" failures="0" tests="1" name="com.testng.Parameter_Test" time="0.011" errors="0" timestamp="2022-06-25T00:07:50 GMT-07:00" skipped="0">
  <testcase classname="com.testng.Parameter_Test" name="credentisalData" time="0.011"/>
  <system-out/>
</testsuite> <!-- com.testng.Parameter_Test -->
