<?xml version="1.0" encoding="UTF-8"?>
<!-- Generated by org.testng.reporters.JUnitReportReporter -->
<testsuite hostname="DELL-PC" failures="0" tests="8" name="com.testng.GroupsPgm" time="0.118" errors="0" timestamp="2022-06-25T01:47:04 GMT-07:00" skipped="0">
  <testcase classname="com.testng.GroupsPgm" name="examDept" time="0.009"/>
  <system-out/>
  <testcase classname="com.testng.GroupsPgm" name="fireDept" time="0.008"/>
  <system-out/>
  <testcase classname="com.testng.GroupsPgm" name="libraryDept" time="0.009"/>
  <system-out/>
  <testcase classname="com.testng.GroupsPgm" name="dancingDept" time="0.014"/>
  <system-out/>
  <testcase classname="com.testng.GroupsPgm" name="policeDept" time="0.002"/>
  <system-out/>
  <testcase classname="com.testng.GroupsPgm" name="singingDept" time="0.001"/>
  <system-out/>
  <testcase classname="com.testng.GroupsPgm" name="actingDept" time="0.064"/>
  <system-out/>
  <testcase classname="com.testng.GroupsPgm" name="armyDept" time="0.011"/>
  <system-out/>
</testsuite> <!-- com.testng.GroupsPgm -->
