<?xml version="1.0" encoding="UTF-8"?>
<!-- Generated by org.testng.reporters.JUnitReportReporter -->
<testsuite hostname="DELL-PC" failures="0" tests="6" name="com.testng.Ignore_Pgm" time="0.021" errors="0" timestamp="2022-06-20T06:21:22 GMT-07:00" skipped="1">
  <testcase classname="com.testng.Ignore_Pgm" name="userName" time="0.002"/>
  <system-out/>
  <testcase classname="com.testng.Ignore_Pgm" name="homePage" time="0.010"/>
  <system-out/>
  <testcase classname="com.testng.Ignore_Pgm" name="urlLaunch" time="0.003"/>
  <system-out/>
  <testcase classname="com.testng.Ignore_Pgm" name="userName" time="0.004"/>
  <system-out/>
  <testcase classname="com.testng.Ignore_Pgm" name="logOut" time="0.002"/>
  <system-out/>
  <testcase classname="com.testng.Ignore_Pgm" name="passWord">
    <skipped/>
  </testcase> <!-- passWord -->
  <system-out/>
</testsuite> <!-- com.testng.Ignore_Pgm -->
