<?xml version="1.0" encoding="UTF-8"?>
<!-- Generated by org.testng.reporters.JUnitReportReporter -->
<testsuite hostname="DELL-PC" failures="0" tests="6" name="com.testng.GroupngPgm" time="0.028" errors="0" timestamp="2022-06-20T06:40:47 GMT-07:00" skipped="0">
  <testcase classname="com.testng.GroupngPgm" name="dancingDept" time="0.005"/>
  <system-out/>
  <testcase classname="com.testng.GroupngPgm" name="singingDept" time="0.004"/>
  <system-out/>
  <testcase classname="com.testng.GroupngPgm" name="actingDept" time="0.011"/>
  <system-out/>
  <testcase classname="com.testng.GroupngPgm" name="armyDept" time="0.003"/>
  <system-out/>
  <testcase classname="com.testng.GroupngPgm" name="fireDept" time="0.003"/>
  <system-out/>
  <testcase classname="com.testng.GroupngPgm" name="policeDept" time="0.002"/>
  <system-out/>
</testsuite> <!-- com.testng.GroupngPgm -->
